\BOOKMARK [1][-]{section*.2}{General\040Structure}{}% 1
\BOOKMARK [1][-]{section*.3}{Functionality}{}% 2
\BOOKMARK [2][-]{section*.4}{Lisp\040Objects}{section*.3}% 3
\BOOKMARK [1][-]{section*.5}{Builtin\040Syntax}{}% 4
\BOOKMARK [2][-]{section*.6}{define}{section*.5}% 5
\BOOKMARK [3][-]{section*.7}{lambda}{section*.6}% 6
\BOOKMARK [3][-]{section*.8}{if}{section*.6}% 7
\BOOKMARK [3][-]{section*.9}{set!}{section*.6}% 8
\BOOKMARK [3][-]{section*.10}{let}{section*.6}% 9
\BOOKMARK [3][-]{section*.12}{quote}{section*.6}% 10
\BOOKMARK [3][-]{section*.13}{and}{section*.6}% 11
\BOOKMARK [3][-]{section*.14}{or}{section*.6}% 12
\BOOKMARK [1][-]{section*.15}{Builtin\040Functions}{}% 13
\BOOKMARK [2][-]{section*.16}{Arithmetic}{section*.15}% 14
\BOOKMARK [3][-]{section*.17}{add}{section*.16}% 15
\BOOKMARK [3][-]{section*.18}{subtract}{section*.16}% 16
\BOOKMARK [3][-]{section*.19}{multiply}{section*.16}% 17
\BOOKMARK [3][-]{section*.20}{divide}{section*.16}% 18
\BOOKMARK [3][-]{section*.21}{arithmetic\040equals}{section*.16}% 19
\BOOKMARK [3][-]{section*.22}{greater\040than}{section*.16}% 20
\BOOKMARK [3][-]{section*.23}{less\040than}{section*.16}% 21
\BOOKMARK [3][-]{section*.24}{greater\040or\040equal}{section*.16}% 22
\BOOKMARK [3][-]{section*.25}{less\040or\040equal}{section*.16}% 23
\BOOKMARK [3][-]{section*.26}{absolute\040value}{section*.16}% 24
\BOOKMARK [3][-]{section*.27}{modulo}{section*.16}% 25
\BOOKMARK [2][-]{section*.28}{Other}{section*.15}% 26
\BOOKMARK [3][-]{section*.29}{exit}{section*.28}% 27
\BOOKMARK [3][-]{section*.30}{print}{section*.28}% 28
\BOOKMARK [3][-]{section*.31}{display}{section*.28}% 29
\BOOKMARK [3][-]{section*.32}{equals}{section*.28}% 30
\BOOKMARK [3][-]{section*.33}{cons}{section*.28}% 31
\BOOKMARK [3][-]{section*.34}{car}{section*.28}% 32
\BOOKMARK [3][-]{section*.35}{cdr}{section*.28}% 33
\BOOKMARK [3][-]{section*.36}{list}{section*.28}% 34
\BOOKMARK [3][-]{section*.37}{list?}{section*.28}% 35
\BOOKMARK [3][-]{section*.38}{first}{section*.28}% 36
\BOOKMARK [3][-]{section*.39}{rest}{section*.28}% 37
\BOOKMARK [3][-]{section*.40}{time}{section*.28}% 38
\BOOKMARK [3][-]{section*.41}{recursion-limit}{section*.28}% 39
\BOOKMARK [3][-]{section*.42}{type?}{section*.28}% 40
\BOOKMARK [3][-]{section*.43}{not}{section*.28}% 41
\BOOKMARK [3][-]{section*.44}{map}{section*.28}% 42
\BOOKMARK [3][-]{section*.45}{get-function-info}{section*.28}% 43
\BOOKMARK [3][-]{section*.46}{eval-file}{section*.28}% 44
\BOOKMARK [3][-]{section*.47}{print-cwd}{section*.28}% 45
